<?xml version="1.0" encoding="UTF-8"?>
<!-- Generated by org.testng.reporters.JUnitReportReporter -->
<testsuite hostname="DESKTOP-SKQ2T5D" failures="0" tests="1" name="com.remote.dockervalidation.ChromeTestOne" time="3.302" errors="0" timestamp="2021-05-27T12:08:00 IST" skipped="0">
  <testcase classname="com.remote.dockervalidation.ChromeTestOne" name="TestOne" time="3.302"/>
  <system-out/>
</testsuite> <!-- com.remote.dockervalidation.ChromeTestOne -->
